2025-06-08 04:29:24,234 - User: kiplangatkip1007 - Method: GET - Path: /api/chats/ - Status: 200
2025-06-08 04:29:32,200 - User: kiplangatkip1007 - Method: GET - Path: /api/chats/conversations/ - Status: 200
2025-06-08 04:31:21,308 - User: kiplangatkip1007 - Method: GET - Path: /api/users/ - Status: 200
2025-06-08 05:43:35,748 - User: Anonymous - Method: GET - Path: /api/users/ - Status: 401
2025-06-08 05:48:19,056 - User: kiplangatkip1007 - Method: GET - Path: /api/users/ - Status: 200
2025-06-09 00:51:17,038 - User: kiplangatkip1007 - Method: GET - Path: /api/chats/ - Status: 200
2025-06-09 00:51:40,297 - User: kiplangatkip1007 - Method: GET - Path: /api/chats/conversations/ - Status: 403
2025-06-09 00:53:06,079 - User: kiplangatkip1007 - Method: GET - Path: /api/chats/conversations/ - Status: 200
2025-06-09 01:46:49,992 - User: kiplangatkip1007 - Method: GET - Path: /api/chats/conversations/ - Status: 200
2025-06-09 01:48:20,942 - User: kiplangatkip1007 - Method: POST - Path: /api/chats/conversations/ - Status: 201
2025-06-09 01:51:07,566 - User: Anonymous - Method: POST - Path: /api/users/ - Status: 401
2025-06-09 01:51:21,604 - User: Anonymous - Method: GET - Path: /api/users/ - Status: 401
2025-06-09 01:57:35,085 - User: kiplangatkip1007 - Method: POST - Path: /api/users/ - Status: 405
2025-06-09 01:57:39,636 - User: kiplangatkip1007 - Method: GET - Path: /api/users/ - Status: 200
2025-06-09 01:58:01,614 - User: kiplangatkip1007 - Method: GET - Path: /api/users/me/ - Status: 200
2025-06-09 01:59:20,629 - User: kiplangatkip1007 - Method: GET - Path: /api/users/me/conversations/ - Status: 404
2025-06-09 01:59:33,546 - User: kiplangatkip1007 - Method: GET - Path: /api/chats/conversations/ - Status: 200
2025-06-09 01:59:41,462 - User: kiplangatkip1007 - Method: GET - Path: /api/chats/conversations/ - Status: 200
2025-06-09 02:00:58,597 - User: kiplangatkip1007 - Method: POST - Path: /api/chats/conversations/ - Status: 201
2025-06-09 02:02:38,773 - User: kiplangatkip1007 - Method: POST - Path: /api/chats/conversations/ - Status: 201
2025-06-09 02:06:38,854 - User: kiplangatkip1007 - Method: POST - Path: /api/chats/conversations/ - Status: 201
2025-06-09 02:07:00,715 - User: kiplangatkip1007 - Method: POST - Path: /api/chats/conversations/messages/ - Status: 403
2025-06-09 02:09:11,199 - User: kiplangatkip1007 - Method: POST - Path: /api/chats/conversations/messages/ - Status: 403
2025-06-09 02:09:36,781 - User: kiplangatkip1007 - Method: POST - Path: /api/chats/conversations/messages/ - Status: 403
2025-06-09 02:11:24,711 - User: kiplangatkip1007 - Method: POST - Path: /api/chats/conversations/messages/ - Status: 403
